<?xml version="1.0" encoding="UTF-8"?>
<testng-results skipped="0" failed="0" ignored="0" total="1" passed="1">
  <reporter-output>
  </reporter-output>
  <suite name="Default suite" duration-ms="15796" started-at="2020-02-07T02:57:29 CST" finished-at="2020-02-07T02:57:45 CST">
    <groups>
    </groups>
    <test name="Default test" duration-ms="15796" started-at="2020-02-07T02:57:29 CST" finished-at="2020-02-07T02:57:45 CST">
      <class name="test.NewDepositTest">
        <test-method status="PASS" signature="launchBrowser()[pri:0, instance:test.NewDepositTest@2758fe70]" name="launchBrowser" is-config="true" duration-ms="4131" started-at="2020-02-07T02:57:29 CST" finished-at="2020-02-07T02:57:33 CST">
          <reporter-output>
          </reporter-output>
        </test-method> <!-- launchBrowser -->
        <test-method status="PASS" signature="userShouldbeAbleToaddDeposite()[pri:0, instance:test.NewDepositTest@2758fe70]" name="userShouldbeAbleToaddDeposite" duration-ms="11642" started-at="2020-02-07T02:57:33 CST" finished-at="2020-02-07T02:57:45 CST">
          <reporter-output>
          </reporter-output>
        </test-method> <!-- userShouldbeAbleToaddDeposite -->
        <test-method status="PASS" signature="closeEverything()[pri:0, instance:test.NewDepositTest@2758fe70]" name="closeEverything" is-config="true" duration-ms="0" started-at="2020-02-07T02:57:45 CST" finished-at="2020-02-07T02:57:45 CST">
          <reporter-output>
          </reporter-output>
        </test-method> <!-- closeEverything -->
      </class> <!-- test.NewDepositTest -->
    </test> <!-- Default test -->
  </suite> <!-- Default suite -->
</testng-results>
